<?xml version="1.0" encoding="UTF-8"?>
<testng-results ignored="0" total="1" passed="1" failed="0" skipped="0">
  <reporter-output>
  </reporter-output>
  <suite started-at="2023-11-08T19:24:20 IST" name="Default suite" finished-at="2023-11-08T19:24:20 IST" duration-ms="170">
    <groups>
    </groups>
    <test started-at="2023-11-08T19:24:20 IST" name="Default test" finished-at="2023-11-08T19:24:20 IST" duration-ms="170">
      <class name="JenkinsClass.BasicCalculator">
        <test-method signature="sum()[pri:0, instance:JenkinsClass.BasicCalculator@d9345cd]" started-at="2023-11-08T19:24:20 IST" name="sum" finished-at="2023-11-08T19:24:20 IST" duration-ms="19" status="PASS">
          <reporter-output>
          </reporter-output>
        </test-method> <!-- sum -->
      </class> <!-- JenkinsClass.BasicCalculator -->
    </test> <!-- Default test -->
  </suite> <!-- Default suite -->
</testng-results>
