<?xml version="1.0" encoding="UTF-8"?>
<!-- Generated by org.testng.reporters.JUnitXMLReporter -->
<testsuite ignored="4" hostname="DESKTOP-0G0LRH5" failures="0" tests="3" name="Test" time="174.874" errors="0" timestamp="2023-11-01T09:29:55 IST">
  <testcase classname="MavenProject.MavenTutorials.RedffLoginReg" name="regNew" time="0.024"/>
  <testcase classname="MavenProject.MavenTutorials.RedffLoginReg" name="regOld" time="0.002"/>
  <testcase classname="MavenProject.MavenTutorials.OpenMultipleWebsites" name="websiteLive" time="93.589"/>
  <testcase classname="MavenProject.MavenTutorials.RedffLoginReg" name="loginValid" time="0.0">
    <ignored/>
  </testcase> <!-- loginValid -->
  <testcase classname="MavenProject.MavenTutorials.OpenMultipleWebsites" name="websiteYahoo" time="0.0">
    <ignored/>
  </testcase> <!-- websiteYahoo -->
  <testcase classname="MavenProject.MavenTutorials.OpenMultipleWebsites" name="websiteGoogle" time="0.0">
    <ignored/>
  </testcase> <!-- websiteGoogle -->
  <testcase classname="MavenProject.MavenTutorials.RedffLoginReg" name="loginInvalid" time="0.0">
    <ignored/>
  </testcase> <!-- loginInvalid -->
</testsuite> <!-- Test -->
